# JRE version: OpenJDK Runtime Environment (11.0.10) (build 11.0.10+0-b96-7249189)
# Java VM: OpenJDK 64-Bit Server VM (11.0.10+0-b96-7249189, mixed mode, tiered, compressed oops, g1 gc, windows-amd64)
Heap:
 garbage-first heap   total 204800K, used 59922K [0x0000000080000000, 0x0000000100000000)
  region size 1024K, 8 young (8192K), 8 survivors (8192K)
 Metaspace       used 42180K, capacity 43246K, committed 43440K, reserved 1087488K
  class space    used 5388K, capacity 5805K, committed 5888K, reserved 1048576K
GC Heap History (20 events):
Event: 68.088 GC heap after
{Heap after GC invocations=48 (full 0):
 garbage-first heap   total 110592K, used 51211K [0x0000000080000000, 0x0000000100000000)
  region size 1024K, 2 young (2048K), 2 survivors (2048K)
 Metaspace       used 42172K, capacity 43246K, committed 43440K, reserved 1087488K
  class space    used 5388K, capacity 5805K, committed 5888K, reserved 1048576K
}
Event: 69.294 GC heap before
{Heap before GC invocations=48 (full 0):
 garbage-first heap   total 110592K, used 83979K [0x0000000080000000, 0x0000000100000000)
  region size 1024K, 34 young (34816K), 2 survivors (2048K)
 Metaspace       used 42172K, capacity 43246K, committed 43440K, reserved 1087488K
  class space    used 5388K, capacity 5805K, committed 5888K, reserved 1048576K
}
Event: 69.308 GC heap after
{Heap after GC invocations=49 (full 0):
 garbage-first heap   total 141312K, used 51582K [0x0000000080000000, 0x0000000100000000)
  region size 1024K, 2 young (2048K), 2 survivors (2048K)
 Metaspace       used 42172K, capacity 43246K, committed 43440K, reserved 1087488K
  class space    used 5388K, capacity 5805K, committed 5888K, reserved 1048576K
}
Event: 71.119 GC heap before
{Heap before GC invocations=50 (full 0):
 garbage-first heap   total 141312K, used 93566K [0x0000000080000000, 0x0000000100000000)
  region size 1024K, 43 young (44032K), 2 survivors (2048K)
 Metaspace       used 42176K, capacity 43246K, committed 43440K, reserved 1087488K
  class space    used 5388K, capacity 5805K, committed 5888K, reserved 1048576K
}
Event: 71.131 GC heap after
{Heap after GC invocations=51 (full 0):
 garbage-first heap   total 141312K, used 52132K [0x0000000080000000, 0x0000000100000000)
  region size 1024K, 3 young (3072K), 3 survivors (3072K)
 Metaspace       used 42176K, capacity 43246K, committed 43440K, reserved 1087488K
  class space    used 5388K, capacity 5805K, committed 5888K, reserved 1048576K
}
Event: 72.159 GC heap before
{Heap before GC invocations=51 (full 0):
 garbage-first heap   total 141312K, used 100260K [0x0000000080000000, 0x0000000100000000)
  region size 1024K, 50 young (51200K), 3 survivors (3072K)
 Metaspace       used 42176K, capacity 43246K, committed 43440K, reserved 1087488K
  class space    used 5388K, capacity 5805K, committed 5888K, reserved 1048576K
}
Event: 72.167 GC heap after
{Heap after GC invocations=52 (full 0):
 garbage-first heap   total 141312K, used 52827K [0x0000000080000000, 0x0000000100000000)
  region size 1024K, 3 young (3072K), 3 survivors (3072K)
 Metaspace       used 42176K, capacity 43246K, committed 43440K, reserved 1087488K
  class space    used 5388K, capacity 5805K, committed 5888K, reserved 1048576K
}
Event: 73.685 GC heap before
{Heap before GC invocations=52 (full 0):
 garbage-first heap   total 141312K, used 115291K [0x0000000080000000, 0x0000000100000000)
  region size 1024K, 64 young (65536K), 3 survivors (3072K)
 Metaspace       used 42177K, capacity 43246K, committed 43440K, reserved 1087488K
  class space    used 5388K, capacity 5805K, committed 5888K, reserved 1048576K
}
Event: 73.695 GC heap after
{Heap after GC invocations=53 (full 0):
 garbage-first heap   total 141312K, used 54003K [0x0000000080000000, 0x0000000100000000)
  region size 1024K, 4 young (4096K), 4 survivors (4096K)
 Metaspace       used 42177K, capacity 43246K, committed 43440K, reserved 1087488K
  class space    used 5388K, capacity 5805K, committed 5888K, reserved 1048576K
}
Event: 76.343 GC heap before
{Heap before GC invocations=53 (full 0):
 garbage-first heap   total 141312K, used 116467K [0x0000000080000000, 0x0000000100000000)
  region size 1024K, 65 young (66560K), 4 survivors (4096K)
 Metaspace       used 42177K, capacity 43246K, committed 43440K, reserved 1087488K
  class space    used 5388K, capacity 5805K, committed 5888K, reserved 1048576K
}
Event: 76.367 GC heap after
{Heap after GC invocations=54 (full 0):
 garbage-first heap   total 169984K, used 54541K [0x0000000080000000, 0x0000000100000000)
  region size 1024K, 5 young (5120K), 5 survivors (5120K)
 Metaspace       used 42177K, capacity 43246K, committed 43440K, reserved 1087488K
  class space    used 5388K, capacity 5805K, committed 5888K, reserved 1048576K
}
Event: 78.969 GC heap before
{Heap before GC invocations=54 (full 0):
 garbage-first heap   total 169984K, used 125197K [0x0000000080000000, 0x0000000100000000)
  region size 1024K, 74 young (75776K), 5 survivors (5120K)
 Metaspace       used 42179K, capacity 43246K, committed 43440K, reserved 1087488K
  class space    used 5388K, capacity 5805K, committed 5888K, reserved 1048576K
}
Event: 78.982 GC heap after
{Heap after GC invocations=55 (full 0):
 garbage-first heap   total 169984K, used 55676K [0x0000000080000000, 0x0000000100000000)
  region size 1024K, 6 young (6144K), 6 survivors (6144K)
 Metaspace       used 42179K, capacity 43246K, committed 43440K, reserved 1087488K
  class space    used 5388K, capacity 5805K, committed 5888K, reserved 1048576K
}
Event: 81.140 GC heap before
{Heap before GC invocations=55 (full 0):
 garbage-first heap   total 169984K, used 134524K [0x0000000080000000, 0x0000000100000000)
  region size 1024K, 83 young (84992K), 6 survivors (6144K)
 Metaspace       used 42179K, capacity 43246K, committed 43440K, reserved 1087488K
  class space    used 5388K, capacity 5805K, committed 5888K, reserved 1048576K
}
Event: 81.169 GC heap after
{Heap after GC invocations=56 (full 0):
 garbage-first heap   total 169984K, used 56573K [0x0000000080000000, 0x0000000100000000)
  region size 1024K, 7 young (7168K), 7 survivors (7168K)
 Metaspace       used 42179K, capacity 43246K, committed 43440K, reserved 1087488K
  class space    used 5388K, capacity 5805K, committed 5888K, reserved 1048576K
}
Event: 85.745 GC heap before
{Heap before GC invocations=56 (full 0):
 garbage-first heap   total 169984K, used 141565K [0x0000000080000000, 0x0000000100000000)
  region size 1024K, 90 young (92160K), 7 survivors (7168K)
 Metaspace       used 42180K, capacity 43246K, committed 43440K, reserved 1087488K
  class space    used 5388K, capacity 5805K, committed 5888K, reserved 1048576K
}
Event: 85.778 GC heap after
{Heap after GC invocations=57 (full 0):
 garbage-first heap   total 169984K, used 57398K [0x0000000080000000, 0x0000000100000000)
  region size 1024K, 8 young (8192K), 8 survivors (8192K)
 Metaspace       used 42180K, capacity 43246K, committed 43440K, reserved 1087488K
  class space    used 5388K, capacity 5805K, committed 5888K, reserved 1048576K
}
Event: 88.778 GC heap before
{Heap before GC invocations=57 (full 0):
 garbage-first heap   total 169984K, used 143414K [0x0000000080000000, 0x0000000100000000)
  region size 1024K, 92 young (94208K), 8 survivors (8192K)
 Metaspace       used 42180K, capacity 43246K, committed 43440K, reserved 1087488K
  class space    used 5388K, capacity 5805K, committed 5888K, reserved 1048576K
}
Event: 88.812 GC heap after
{Heap after GC invocations=58 (full 0):
 garbage-first heap   total 169984K, used 58581K [0x0000000080000000, 0x0000000100000000)
  region size 1024K, 8 young (8192K), 8 survivors (8192K)
 Metaspace       used 42180K, capacity 43246K, committed 43440K, reserved 1087488K
  class space    used 5388K, capacity 5805K, committed 5888K, reserved 1048576K
}
Event: 92.444 GC heap before
{Heap before GC invocations=58 (full 0):
 garbage-first heap   total 169984K, used 143573K [0x0000000080000000, 0x0000000100000000)
  region size 1024K, 91 young (93184K), 8 survivors (8192K)
 Metaspace       used 42180K, capacity 43246K, committed 43440K, reserved 1087488K
  class space    used 5388K, capacity 5805K, committed 5888K, reserved 1048576K
}

