# JRE version: OpenJDK Runtime Environment (11.0.10) (build 11.0.10+0-b96-7249189)
# Java VM: OpenJDK 64-Bit Server VM (11.0.10+0-b96-7249189, mixed mode, tiered, compressed oops, g1 gc, windows-amd64)
Heap:
 garbage-first heap   total 165888K, used 106375K [0x0000000080000000, 0x0000000100000000)
  region size 1024K, 16 young (16384K), 2 survivors (2048K)
 Metaspace       used 109155K, capacity 112100K, committed 112332K, reserved 1146880K
  class space    used 14077K, capacity 15230K, committed 15308K, reserved 1048576K
GC Heap History (20 events):
Event: 135.129 GC heap before
{Heap before GC invocations=58 (full 0):
 garbage-first heap   total 138240K, used 89249K [0x0000000080000000, 0x0000000100000000)
  region size 1024K, 6 young (6144K), 3 survivors (3072K)
 Metaspace       used 84112K, capacity 86214K, committed 86348K, reserved 1124352K
  class space    used 10828K, capacity 11565K, committed 11596K, reserved 1048576K
}
Event: 135.170 GC heap after
{Heap after GC invocations=59 (full 0):
 garbage-first heap   total 138240K, used 78725K [0x0000000080000000, 0x0000000100000000)
  region size 1024K, 1 young (1024K), 1 survivors (1024K)
 Metaspace       used 84112K, capacity 86214K, committed 86348K, reserved 1124352K
  class space    used 10828K, capacity 11565K, committed 11596K, reserved 1048576K
}
Event: 138.849 GC heap before
{Heap before GC invocations=59 (full 0):
 garbage-first heap   total 138240K, used 103301K [0x0000000080000000, 0x0000000100000000)
  region size 1024K, 25 young (25600K), 1 survivors (1024K)
 Metaspace       used 85084K, capacity 87141K, committed 87244K, reserved 1124352K
  class space    used 10960K, capacity 11698K, committed 11724K, reserved 1048576K
}
Event: 138.873 GC heap after
{Heap after GC invocations=60 (full 0):
 garbage-first heap   total 138240K, used 79240K [0x0000000080000000, 0x0000000100000000)
  region size 1024K, 1 young (1024K), 1 survivors (1024K)
 Metaspace       used 85084K, capacity 87141K, committed 87244K, reserved 1124352K
  class space    used 10960K, capacity 11698K, committed 11724K, reserved 1048576K
}
Event: 141.458 GC heap before
{Heap before GC invocations=61 (full 0):
 garbage-first heap   total 138240K, used 97672K [0x0000000080000000, 0x0000000100000000)
  region size 1024K, 27 young (27648K), 1 survivors (1024K)
 Metaspace       used 86679K, capacity 88775K, committed 89036K, reserved 1126400K
  class space    used 11157K, capacity 11922K, committed 11980K, reserved 1048576K
}
Event: 141.481 GC heap after
{Heap after GC invocations=62 (full 0):
 garbage-first heap   total 138240K, used 72629K [0x0000000080000000, 0x0000000100000000)
  region size 1024K, 2 young (2048K), 2 survivors (2048K)
 Metaspace       used 86679K, capacity 88775K, committed 89036K, reserved 1126400K
  class space    used 11157K, capacity 11922K, committed 11980K, reserved 1048576K
}
Event: 152.672 GC heap before
{Heap before GC invocations=62 (full 0):
 garbage-first heap   total 138240K, used 101301K [0x0000000080000000, 0x0000000100000000)
  region size 1024K, 31 young (31744K), 2 survivors (2048K)
 Metaspace       used 87440K, capacity 89543K, committed 89676K, reserved 1126400K
  class space    used 11220K, capacity 12002K, committed 12108K, reserved 1048576K
}
Event: 152.714 GC heap after
{Heap after GC invocations=63 (full 0):
 garbage-first heap   total 138240K, used 75462K [0x0000000080000000, 0x0000000100000000)
  region size 1024K, 4 young (4096K), 4 survivors (4096K)
 Metaspace       used 87440K, capacity 89543K, committed 89676K, reserved 1126400K
  class space    used 11220K, capacity 12002K, committed 12108K, reserved 1048576K
}
Event: 221.756 GC heap before
{Heap before GC invocations=64 (full 0):
 garbage-first heap   total 138240K, used 105158K [0x0000000080000000, 0x0000000100000000)
  region size 1024K, 34 young (34816K), 4 survivors (4096K)
 Metaspace       used 88299K, capacity 90437K, committed 90572K, reserved 1128448K
  class space    used 11314K, capacity 12108K, committed 12236K, reserved 1048576K
}
Event: 221.851 GC heap after
{Heap after GC invocations=65 (full 0):
 garbage-first heap   total 165888K, used 80043K [0x0000000080000000, 0x0000000100000000)
  region size 1024K, 5 young (5120K), 5 survivors (5120K)
 Metaspace       used 88299K, capacity 90437K, committed 90572K, reserved 1128448K
  class space    used 11314K, capacity 12108K, committed 12236K, reserved 1048576K
}
Event: 225.301 GC heap before
{Heap before GC invocations=65 (full 0):
 garbage-first heap   total 165888K, used 118955K [0x0000000080000000, 0x0000000100000000)
  region size 1024K, 44 young (45056K), 5 survivors (5120K)
 Metaspace       used 88944K, capacity 91188K, committed 91340K, reserved 1128448K
  class space    used 11383K, capacity 12187K, committed 12236K, reserved 1048576K
}
Event: 225.326 GC heap after
{Heap after GC invocations=66 (full 0):
 garbage-first heap   total 165888K, used 78848K [0x0000000080000000, 0x0000000100000000)
  region size 1024K, 1 young (1024K), 1 survivors (1024K)
 Metaspace       used 88944K, capacity 91188K, committed 91340K, reserved 1128448K
  class space    used 11383K, capacity 12187K, committed 12236K, reserved 1048576K
}
Event: 234.776 GC heap before
{Heap before GC invocations=67 (full 0):
 garbage-first heap   total 165888K, used 120832K [0x0000000080000000, 0x0000000100000000)
  region size 1024K, 44 young (45056K), 1 survivors (1024K)
 Metaspace       used 95807K, capacity 98074K, committed 98380K, reserved 1134592K
  class space    used 12243K, capacity 13055K, committed 13132K, reserved 1048576K
}
Event: 234.847 GC heap after
{Heap after GC invocations=68 (full 0):
 garbage-first heap   total 165888K, used 82514K [0x0000000080000000, 0x0000000100000000)
  region size 1024K, 5 young (5120K), 5 survivors (5120K)
 Metaspace       used 95807K, capacity 98074K, committed 98380K, reserved 1134592K
  class space    used 12243K, capacity 13055K, committed 13132K, reserved 1048576K
}
Event: 269.078 GC heap before
{Heap before GC invocations=69 (full 0):
 garbage-first heap   total 165888K, used 128594K [0x0000000080000000, 0x0000000100000000)
  region size 1024K, 49 young (50176K), 5 survivors (5120K)
 Metaspace       used 97911K, capacity 100176K, committed 100428K, reserved 1136640K
  class space    used 12447K, capacity 13299K, committed 13388K, reserved 1048576K
}
Event: 269.115 GC heap after
{Heap after GC invocations=70 (full 0):
 garbage-first heap   total 165888K, used 84809K [0x0000000080000000, 0x0000000100000000)
  region size 1024K, 2 young (2048K), 2 survivors (2048K)
 Metaspace       used 97911K, capacity 100176K, committed 100428K, reserved 1136640K
  class space    used 12447K, capacity 13299K, committed 13388K, reserved 1048576K
}
Event: 269.975 GC heap before
{Heap before GC invocations=70 (full 0):
 garbage-first heap   total 165888K, used 86857K [0x0000000080000000, 0x0000000100000000)
  region size 1024K, 5 young (5120K), 2 survivors (2048K)
 Metaspace       used 98024K, capacity 100246K, committed 100428K, reserved 1136640K
  class space    used 12456K, capacity 13300K, committed 13388K, reserved 1048576K
}
Event: 269.985 GC heap after
{Heap after GC invocations=71 (full 0):
 garbage-first heap   total 165888K, used 84155K [0x0000000080000000, 0x0000000100000000)
  region size 1024K, 1 young (1024K), 1 survivors (1024K)
 Metaspace       used 98024K, capacity 100246K, committed 100428K, reserved 1136640K
  class space    used 12456K, capacity 13300K, committed 13388K, reserved 1048576K
}
Event: 280.236 GC heap before
{Heap before GC invocations=72 (full 0):
 garbage-first heap   total 165888K, used 134331K [0x0000000080000000, 0x0000000100000000)
  region size 1024K, 49 young (50176K), 1 survivors (1024K)
 Metaspace       used 103948K, capacity 106492K, committed 106828K, reserved 1142784K
  class space    used 13323K, capacity 14303K, committed 14412K, reserved 1048576K
}
Event: 280.321 GC heap after
{Heap after GC invocations=73 (full 0):
 garbage-first heap   total 165888K, used 92298K [0x0000000080000000, 0x0000000100000000)
  region size 1024K, 7 young (7168K), 7 survivors (7168K)
 Metaspace       used 103948K, capacity 106492K, committed 106828K, reserved 1142784K
  class space    used 13323K, capacity 14303K, committed 14412K, reserved 1048576K
}

