# JRE version: OpenJDK Runtime Environment (11.0.10) (build 11.0.10+0-b96-7249189)
# Java VM: OpenJDK 64-Bit Server VM (11.0.10+0-b96-7249189, mixed mode, tiered, compressed oops, g1 gc, windows-amd64)
Heap:
 garbage-first heap   total 138240K, used 100638K [0x0000000080000000, 0x0000000100000000)
  region size 1024K, 11 young (11264K), 3 survivors (3072K)
 Metaspace       used 91514K, capacity 93940K, committed 94280K, reserved 1130496K
  class space    used 11850K, capacity 12701K, committed 12800K, reserved 1048576K
GC Heap History (20 events):
Event: 100.688 GC heap before
{Heap before GC invocations=72 (full 0):
 garbage-first heap   total 114688K, used 98489K [0x0000000080000000, 0x0000000100000000)
  region size 1024K, 14 young (14336K), 2 survivors (2048K)
 Metaspace       used 79567K, capacity 81698K, committed 81864K, reserved 1120256K
  class space    used 10360K, capacity 11046K, committed 11136K, reserved 1048576K
}
Event: 100.714 GC heap after
{Heap after GC invocations=73 (full 0):
 garbage-first heap   total 114688K, used 87145K [0x0000000080000000, 0x0000000100000000)
  region size 1024K, 2 young (2048K), 2 survivors (2048K)
 Metaspace       used 79567K, capacity 81698K, committed 81864K, reserved 1120256K
  class space    used 10360K, capacity 11046K, committed 11136K, reserved 1048576K
}
Event: 102.698 GC heap before
{Heap before GC invocations=73 (full 0):
 garbage-first heap   total 114688K, used 97385K [0x0000000080000000, 0x0000000100000000)
  region size 1024K, 13 young (13312K), 2 survivors (2048K)
 Metaspace       used 80050K, capacity 82216K, committed 82504K, reserved 1120256K
  class space    used 10420K, capacity 11153K, committed 11264K, reserved 1048576K
}
Event: 102.723 GC heap after
{Heap after GC invocations=74 (full 0):
 garbage-first heap   total 114688K, used 87989K [0x0000000080000000, 0x0000000100000000)
  region size 1024K, 2 young (2048K), 2 survivors (2048K)
 Metaspace       used 80050K, capacity 82216K, committed 82504K, reserved 1120256K
  class space    used 10420K, capacity 11153K, committed 11264K, reserved 1048576K
}
Event: 103.863 GC heap before
{Heap before GC invocations=74 (full 0):
 garbage-first heap   total 114688K, used 97205K [0x0000000080000000, 0x0000000100000000)
  region size 1024K, 12 young (12288K), 2 survivors (2048K)
 Metaspace       used 80421K, capacity 82573K, committed 82760K, reserved 1120256K
  class space    used 10476K, capacity 11224K, committed 11264K, reserved 1048576K
}
Event: 103.882 GC heap after
{Heap after GC invocations=75 (full 0):
 garbage-first heap   total 114688K, used 88707K [0x0000000080000000, 0x0000000100000000)
  region size 1024K, 2 young (2048K), 2 survivors (2048K)
 Metaspace       used 80421K, capacity 82573K, committed 82760K, reserved 1120256K
  class space    used 10476K, capacity 11224K, committed 11264K, reserved 1048576K
}
Event: 105.027 GC heap before
{Heap before GC invocations=76 (full 0):
 garbage-first heap   total 114688K, used 97923K [0x0000000080000000, 0x0000000100000000)
  region size 1024K, 11 young (11264K), 2 survivors (2048K)
 Metaspace       used 80791K, capacity 82923K, committed 83144K, reserved 1122304K
  class space    used 10527K, capacity 11276K, committed 11392K, reserved 1048576K
}
Event: 105.042 GC heap after
{Heap after GC invocations=77 (full 0):
 garbage-first heap   total 114688K, used 89628K [0x0000000080000000, 0x0000000100000000)
  region size 1024K, 2 young (2048K), 2 survivors (2048K)
 Metaspace       used 80791K, capacity 82923K, committed 83144K, reserved 1122304K
  class space    used 10527K, capacity 11276K, committed 11392K, reserved 1048576K
}
Event: 107.289 GC heap before
{Heap before GC invocations=77 (full 0):
 garbage-first heap   total 114688K, used 97820K [0x0000000080000000, 0x0000000100000000)
  region size 1024K, 11 young (11264K), 2 survivors (2048K)
 Metaspace       used 81546K, capacity 83593K, committed 83656K, reserved 1122304K
  class space    used 10617K, capacity 11350K, committed 11392K, reserved 1048576K
}
Event: 107.299 GC heap after
{Heap after GC invocations=78 (full 0):
 garbage-first heap   total 138240K, used 90068K [0x0000000080000000, 0x0000000100000000)
  region size 1024K, 2 young (2048K), 2 survivors (2048K)
 Metaspace       used 81546K, capacity 83593K, committed 83656K, reserved 1122304K
  class space    used 10617K, capacity 11350K, committed 11392K, reserved 1048576K
}
Event: 109.836 GC heap before
{Heap before GC invocations=79 (full 0):
 garbage-first heap   total 138240K, used 91092K [0x0000000080000000, 0x0000000100000000)
  region size 1024K, 5 young (5120K), 2 survivors (2048K)
 Metaspace       used 81864K, capacity 83927K, committed 84168K, reserved 1122304K
  class space    used 10643K, capacity 11376K, committed 11392K, reserved 1048576K
}
Event: 109.846 GC heap after
{Heap after GC invocations=80 (full 0):
 garbage-first heap   total 138240K, used 90515K [0x0000000080000000, 0x0000000100000000)
  region size 1024K, 2 young (2048K), 2 survivors (2048K)
 Metaspace       used 81864K, capacity 83927K, committed 84168K, reserved 1122304K
  class space    used 10643K, capacity 11376K, committed 11392K, reserved 1048576K
}
Event: 119.442 GC heap before
{Heap before GC invocations=81 (full 0):
 garbage-first heap   total 138240K, used 112019K [0x0000000080000000, 0x0000000100000000)
  region size 1024K, 22 young (22528K), 2 survivors (2048K)
 Metaspace       used 84796K, capacity 86985K, committed 87112K, reserved 1124352K
  class space    used 10991K, capacity 11734K, committed 11776K, reserved 1048576K
}
Event: 119.463 GC heap after
{Heap after GC invocations=82 (full 0):
 garbage-first heap   total 138240K, used 90536K [0x0000000080000000, 0x0000000100000000)
  region size 1024K, 1 young (1024K), 1 survivors (1024K)
 Metaspace       used 84796K, capacity 86985K, committed 87112K, reserved 1124352K
  class space    used 10991K, capacity 11734K, committed 11776K, reserved 1048576K
}
Event: 127.572 GC heap before
{Heap before GC invocations=82 (full 0):
 garbage-first heap   total 138240K, used 112040K [0x0000000080000000, 0x0000000100000000)
  region size 1024K, 22 young (22528K), 1 survivors (1024K)
 Metaspace       used 87933K, capacity 90230K, committed 90440K, reserved 1128448K
  class space    used 11395K, capacity 12161K, committed 12288K, reserved 1048576K
}
Event: 127.600 GC heap after
{Heap after GC invocations=83 (full 0):
 garbage-first heap   total 138240K, used 92007K [0x0000000080000000, 0x0000000100000000)
  region size 1024K, 3 young (3072K), 3 survivors (3072K)
 Metaspace       used 87933K, capacity 90230K, committed 90440K, reserved 1128448K
  class space    used 11395K, capacity 12161K, committed 12288K, reserved 1048576K
}
Event: 134.415 GC heap before
{Heap before GC invocations=84 (full 0):
 garbage-first heap   total 138240K, used 112487K [0x0000000080000000, 0x0000000100000000)
  region size 1024K, 23 young (23552K), 3 survivors (3072K)
 Metaspace       used 89768K, capacity 92034K, committed 92104K, reserved 1128448K
  class space    used 11600K, capacity 12373K, committed 12416K, reserved 1048576K
}
Event: 134.450 GC heap after
{Heap after GC invocations=85 (full 0):
 garbage-first heap   total 138240K, used 93239K [0x0000000080000000, 0x0000000100000000)
  region size 1024K, 3 young (3072K), 3 survivors (3072K)
 Metaspace       used 89768K, capacity 92034K, committed 92104K, reserved 1128448K
  class space    used 11600K, capacity 12373K, committed 12416K, reserved 1048576K
}
Event: 146.083 GC heap before
{Heap before GC invocations=85 (full 0):
 garbage-first heap   total 138240K, used 114743K [0x0000000080000000, 0x0000000100000000)
  region size 1024K, 24 young (24576K), 3 survivors (3072K)
 Metaspace       used 91256K, capacity 93708K, committed 93896K, reserved 1130496K
  class space    used 11810K, capacity 12664K, committed 12672K, reserved 1048576K
}
Event: 146.132 GC heap after
{Heap after GC invocations=86 (full 0):
 garbage-first heap   total 138240K, used 94494K [0x0000000080000000, 0x0000000100000000)
  region size 1024K, 3 young (3072K), 3 survivors (3072K)
 Metaspace       used 91256K, capacity 93708K, committed 93896K, reserved 1130496K
  class space    used 11810K, capacity 12664K, committed 12672K, reserved 1048576K
}

