# JRE version: OpenJDK Runtime Environment (11.0.10) (build 11.0.10+0-b96-7249189)
# Java VM: OpenJDK 64-Bit Server VM (11.0.10+0-b96-7249189, mixed mode, tiered, compressed oops, g1 gc, windows-amd64)
Heap:
 garbage-first heap   total 204800K, used 85123K [0x0000000080000000, 0x0000000100000000)
  region size 1024K, 8 young (8192K), 2 survivors (2048K)
 Metaspace       used 116522K, capacity 119092K, committed 121212K, reserved 1155072K
  class space    used 14732K, capacity 15712K, committed 16384K, reserved 1048576K
GC Heap History (20 events):
Event: 156.720 GC heap before
{Heap before GC invocations=69 (full 0):
 garbage-first heap   total 169984K, used 79945K [0x0000000080000000, 0x0000000100000000)
  region size 1024K, 8 young (8192K), 6 survivors (6144K)
 Metaspace       used 91402K, capacity 93530K, committed 93692K, reserved 1130496K
  class space    used 11525K, capacity 12307K, committed 12416K, reserved 1048576K
}
Event: 156.756 GC heap after
{Heap after GC invocations=70 (full 0):
 garbage-first heap   total 204800K, used 77581K [0x0000000080000000, 0x0000000100000000)
  region size 1024K, 1 young (1024K), 1 survivors (1024K)
 Metaspace       used 91402K, capacity 93530K, committed 93692K, reserved 1130496K
  class space    used 11525K, capacity 12307K, committed 12416K, reserved 1048576K
}
Event: 215.740 GC heap before
{Heap before GC invocations=70 (full 0):
 garbage-first heap   total 204800K, used 160525K [0x0000000080000000, 0x0000000100000000)
  region size 1024K, 83 young (84992K), 1 survivors (1024K)
 Metaspace       used 93564K, capacity 95799K, committed 95996K, reserved 1132544K
  class space    used 11758K, capacity 12552K, committed 12672K, reserved 1048576K
}
Event: 215.775 GC heap after
{Heap after GC invocations=71 (full 0):
 garbage-first heap   total 204800K, used 80266K [0x0000000080000000, 0x0000000100000000)
  region size 1024K, 4 young (4096K), 4 survivors (4096K)
 Metaspace       used 93564K, capacity 95799K, committed 95996K, reserved 1132544K
  class space    used 11758K, capacity 12552K, committed 12672K, reserved 1048576K
}
Event: 230.896 GC heap before
{Heap before GC invocations=71 (full 0):
 garbage-first heap   total 204800K, used 159114K [0x0000000080000000, 0x0000000100000000)
  region size 1024K, 80 young (81920K), 4 survivors (4096K)
 Metaspace       used 102077K, capacity 104518K, committed 104700K, reserved 1140736K
  class space    used 12782K, capacity 13642K, committed 13696K, reserved 1048576K
}
Event: 231.005 GC heap after
{Heap after GC invocations=72 (full 0):
 garbage-first heap   total 204800K, used 93560K [0x0000000080000000, 0x0000000100000000)
  region size 1024K, 10 young (10240K), 10 survivors (10240K)
 Metaspace       used 102077K, capacity 104518K, committed 104700K, reserved 1140736K
  class space    used 12782K, capacity 13642K, committed 13696K, reserved 1048576K
}
Event: 237.731 GC heap before
{Heap before GC invocations=72 (full 0):
 garbage-first heap   total 204800K, used 161144K [0x0000000080000000, 0x0000000100000000)
  region size 1024K, 75 young (76800K), 10 survivors (10240K)
 Metaspace       used 109457K, capacity 112224K, committed 112380K, reserved 1146880K
  class space    used 13897K, capacity 14899K, committed 14976K, reserved 1048576K
}
Event: 237.866 GC heap after
{Heap after GC invocations=73 (full 0):
 garbage-first heap   total 204800K, used 100754K [0x0000000080000000, 0x0000000100000000)
  region size 1024K, 10 young (10240K), 10 survivors (10240K)
 Metaspace       used 109457K, capacity 112224K, committed 112380K, reserved 1146880K
  class space    used 13897K, capacity 14899K, committed 14976K, reserved 1048576K
}
Event: 240.541 GC heap before
{Heap before GC invocations=73 (full 0):
 garbage-first heap   total 204800K, used 159122K [0x0000000080000000, 0x0000000100000000)
  region size 1024K, 68 young (69632K), 10 survivors (10240K)
 Metaspace       used 113690K, capacity 116716K, committed 116988K, reserved 1150976K
  class space    used 14477K, capacity 15625K, committed 15744K, reserved 1048576K
}
Event: 240.601 GC heap after
{Heap after GC invocations=74 (full 0):
 garbage-first heap   total 204800K, used 104329K [0x0000000080000000, 0x0000000100000000)
  region size 1024K, 4 young (4096K), 4 survivors (4096K)
 Metaspace       used 113690K, capacity 116716K, committed 116988K, reserved 1150976K
  class space    used 14477K, capacity 15625K, committed 15744K, reserved 1048576K
}
Event: 251.516 GC heap before
{Heap before GC invocations=75 (full 0):
 garbage-first heap   total 204800K, used 173961K [0x0000000080000000, 0x0000000100000000)
  region size 1024K, 63 young (64512K), 4 survivors (4096K)
 Metaspace       used 117339K, capacity 120621K, committed 120956K, reserved 1155072K
  class space    used 15049K, capacity 16296K, committed 16384K, reserved 1048576K
}
Event: 251.555 GC heap after
{Heap after GC invocations=76 (full 0):
 garbage-first heap   total 204800K, used 101451K [0x0000000080000000, 0x0000000100000000)
  region size 1024K, 3 young (3072K), 3 survivors (3072K)
 Metaspace       used 117339K, capacity 120621K, committed 120956K, reserved 1155072K
  class space    used 15049K, capacity 16296K, committed 16384K, reserved 1048576K
}
Event: 535.845 GC heap before
{Heap before GC invocations=76 (full 0):
 garbage-first heap   total 204800K, used 107595K [0x0000000080000000, 0x0000000100000000)
  region size 1024K, 10 young (10240K), 3 survivors (3072K)
 Metaspace       used 117465K, capacity 120760K, committed 120956K, reserved 1155072K
  class space    used 15052K, capacity 16298K, committed 16384K, reserved 1048576K
}
Event: 535.926 GC heap after
{Heap after GC invocations=77 (full 0):
 garbage-first heap   total 204800K, used 97694K [0x0000000080000000, 0x0000000100000000)
  region size 1024K, 1 young (1024K), 1 survivors (1024K)
 Metaspace       used 117465K, capacity 120760K, committed 120956K, reserved 1155072K
  class space    used 15052K, capacity 16298K, committed 16384K, reserved 1048576K
}
Event: 4174.848 GC heap before
{Heap before GC invocations=77 (full 0):
 garbage-first heap   total 204800K, used 165278K [0x0000000080000000, 0x0000000100000000)
  region size 1024K, 67 young (68608K), 1 survivors (1024K)
 Metaspace       used 117669K, capacity 120954K, committed 121212K, reserved 1155072K
  class space    used 15052K, capacity 16298K, committed 16384K, reserved 1048576K
}
Event: 4174.864 GC heap after
{Heap after GC invocations=78 (full 0):
 garbage-first heap   total 204800K, used 97339K [0x0000000080000000, 0x0000000100000000)
  region size 1024K, 1 young (1024K), 1 survivors (1024K)
 Metaspace       used 117669K, capacity 120954K, committed 121212K, reserved 1155072K
  class space    used 15052K, capacity 16298K, committed 16384K, reserved 1048576K
}
Event: 7931.007 GC heap before
{Heap before GC invocations=79 (full 0):
 garbage-first heap   total 204800K, used 163899K [0x0000000080000000, 0x0000000100000000)
  region size 1024K, 70 young (71680K), 1 survivors (1024K)
 Metaspace       used 116379K, capacity 118889K, committed 121212K, reserved 1155072K
  class space    used 14717K, capacity 15684K, committed 16384K, reserved 1048576K
}
Event: 7935.866 GC heap after
{Heap after GC invocations=80 (full 0):
 garbage-first heap   total 204800K, used 93165K [0x0000000080000000, 0x0000000100000000)
  region size 1024K, 1 young (1024K), 1 survivors (1024K)
 Metaspace       used 116379K, capacity 118889K, committed 121212K, reserved 1155072K
  class space    used 14717K, capacity 15684K, committed 16384K, reserved 1048576K
}
Event: 8407.917 GC heap before
{Heap before GC invocations=80 (full 0):
 garbage-first heap   total 204800K, used 102381K [0x0000000080000000, 0x0000000100000000)
  region size 1024K, 10 young (10240K), 1 survivors (1024K)
 Metaspace       used 116379K, capacity 118889K, committed 121212K, reserved 1155072K
  class space    used 14717K, capacity 15684K, committed 16384K, reserved 1048576K
}
Event: 8409.596 GC heap after
{Heap after GC invocations=81 (full 0):
 garbage-first heap   total 204800K, used 85127K [0x0000000080000000, 0x0000000100000000)
  region size 1024K, 1 young (1024K), 1 survivors (1024K)
 Metaspace       used 116379K, capacity 118889K, committed 121212K, reserved 1155072K
  class space    used 14717K, capacity 15684K, committed 16384K, reserved 1048576K
}

