# JRE version: OpenJDK Runtime Environment (11.0.10) (build 11.0.10+0-b96-7249189)
# Java VM: OpenJDK 64-Bit Server VM (11.0.10+0-b96-7249189, mixed mode, tiered, compressed oops, g1 gc, windows-amd64)
Heap:
 garbage-first heap   total 199680K, used 95846K [0x0000000080000000, 0x0000000100000000)
  region size 1024K, 36 young (36864K), 8 survivors (8192K)
 Metaspace       used 47789K, capacity 49033K, committed 49152K, reserved 1091584K
  class space    used 6128K, capacity 6618K, committed 6656K, reserved 1048576K
GC Heap History (20 events):
Event: 119.804 GC heap before
{Heap before GC invocations=62 (full 0):
 garbage-first heap   total 165888K, used 144590K [0x0000000080000000, 0x0000000100000000)
  region size 1024K, 87 young (89088K), 7 survivors (7168K)
 Metaspace       used 45351K, capacity 46488K, committed 46848K, reserved 1089536K
  class space    used 5878K, capacity 6289K, committed 6400K, reserved 1048576K
}
Event: 119.858 GC heap after
{Heap after GC invocations=63 (full 0):
 garbage-first heap   total 199680K, used 55322K [0x0000000080000000, 0x0000000100000000)
  region size 1024K, 5 young (5120K), 5 survivors (5120K)
 Metaspace       used 45351K, capacity 46488K, committed 46848K, reserved 1089536K
  class space    used 5878K, capacity 6289K, committed 6400K, reserved 1048576K
}
Event: 129.348 GC heap before
{Heap before GC invocations=63 (full 0):
 garbage-first heap   total 199680K, used 159770K [0x0000000080000000, 0x0000000100000000)
  region size 1024K, 104 young (106496K), 5 survivors (5120K)
 Metaspace       used 47756K, capacity 49033K, committed 49152K, reserved 1091584K
  class space    used 6127K, capacity 6618K, committed 6656K, reserved 1048576K
}
Event: 129.401 GC heap after
{Heap after GC invocations=64 (full 0):
 garbage-first heap   total 199680K, used 61882K [0x0000000080000000, 0x0000000100000000)
  region size 1024K, 8 young (8192K), 8 survivors (8192K)
 Metaspace       used 47756K, capacity 49033K, committed 49152K, reserved 1091584K
  class space    used 6127K, capacity 6618K, committed 6656K, reserved 1048576K
}
Event: 132.756 GC heap before
{Heap before GC invocations=64 (full 0):
 garbage-first heap   total 199680K, used 169402K [0x0000000080000000, 0x0000000100000000)
  region size 1024K, 111 young (113664K), 8 survivors (8192K)
 Metaspace       used 47766K, capacity 49033K, committed 49152K, reserved 1091584K
  class space    used 6128K, capacity 6618K, committed 6656K, reserved 1048576K
}
Event: 132.801 GC heap after
{Heap after GC invocations=65 (full 0):
 garbage-first heap   total 199680K, used 62404K [0x0000000080000000, 0x0000000100000000)
  region size 1024K, 8 young (8192K), 8 survivors (8192K)
 Metaspace       used 47766K, capacity 49033K, committed 49152K, reserved 1091584K
  class space    used 6128K, capacity 6618K, committed 6656K, reserved 1048576K
}
Event: 134.986 GC heap before
{Heap before GC invocations=65 (full 0):
 garbage-first heap   total 199680K, used 166852K [0x0000000080000000, 0x0000000100000000)
  region size 1024K, 110 young (112640K), 8 survivors (8192K)
 Metaspace       used 47773K, capacity 49033K, committed 49152K, reserved 1091584K
  class space    used 6128K, capacity 6618K, committed 6656K, reserved 1048576K
}
Event: 135.008 GC heap after
{Heap after GC invocations=66 (full 0):
 garbage-first heap   total 199680K, used 62924K [0x0000000080000000, 0x0000000100000000)
  region size 1024K, 6 young (6144K), 6 survivors (6144K)
 Metaspace       used 47773K, capacity 49033K, committed 49152K, reserved 1091584K
  class space    used 6128K, capacity 6618K, committed 6656K, reserved 1048576K
}
Event: 136.640 GC heap before
{Heap before GC invocations=66 (full 0):
 garbage-first heap   total 199680K, used 166348K [0x0000000080000000, 0x0000000100000000)
  region size 1024K, 108 young (110592K), 6 survivors (6144K)
 Metaspace       used 47775K, capacity 49033K, committed 49152K, reserved 1091584K
  class space    used 6128K, capacity 6618K, committed 6656K, reserved 1048576K
}
Event: 136.652 GC heap after
{Heap after GC invocations=67 (full 0):
 garbage-first heap   total 199680K, used 62070K [0x0000000080000000, 0x0000000100000000)
  region size 1024K, 5 young (5120K), 5 survivors (5120K)
 Metaspace       used 47775K, capacity 49033K, committed 49152K, reserved 1091584K
  class space    used 6128K, capacity 6618K, committed 6656K, reserved 1048576K
}
Event: 143.662 GC heap before
{Heap before GC invocations=67 (full 0):
 garbage-first heap   total 199680K, used 167542K [0x0000000080000000, 0x0000000100000000)
  region size 1024K, 108 young (110592K), 5 survivors (5120K)
 Metaspace       used 47778K, capacity 49033K, committed 49152K, reserved 1091584K
  class space    used 6128K, capacity 6618K, committed 6656K, reserved 1048576K
}
Event: 143.685 GC heap after
{Heap after GC invocations=68 (full 0):
 garbage-first heap   total 199680K, used 63001K [0x0000000080000000, 0x0000000100000000)
  region size 1024K, 6 young (6144K), 6 survivors (6144K)
 Metaspace       used 47778K, capacity 49033K, committed 49152K, reserved 1091584K
  class space    used 6128K, capacity 6618K, committed 6656K, reserved 1048576K
}
Event: 146.535 GC heap before
{Heap before GC invocations=68 (full 0):
 garbage-first heap   total 199680K, used 169497K [0x0000000080000000, 0x0000000100000000)
  region size 1024K, 110 young (112640K), 6 survivors (6144K)
 Metaspace       used 47778K, capacity 49033K, committed 49152K, reserved 1091584K
  class space    used 6128K, capacity 6618K, committed 6656K, reserved 1048576K
}
Event: 146.555 GC heap after
{Heap after GC invocations=69 (full 0):
 garbage-first heap   total 199680K, used 64278K [0x0000000080000000, 0x0000000100000000)
  region size 1024K, 7 young (7168K), 7 survivors (7168K)
 Metaspace       used 47778K, capacity 49033K, committed 49152K, reserved 1091584K
  class space    used 6128K, capacity 6618K, committed 6656K, reserved 1048576K
}
Event: 148.271 GC heap before
{Heap before GC invocations=69 (full 0):
 garbage-first heap   total 199680K, used 170774K [0x0000000080000000, 0x0000000100000000)
  region size 1024K, 111 young (113664K), 7 survivors (7168K)
 Metaspace       used 47780K, capacity 49033K, committed 49152K, reserved 1091584K
  class space    used 6128K, capacity 6618K, committed 6656K, reserved 1048576K
}
Event: 148.293 GC heap after
{Heap after GC invocations=70 (full 0):
 garbage-first heap   total 199680K, used 64923K [0x0000000080000000, 0x0000000100000000)
  region size 1024K, 8 young (8192K), 8 survivors (8192K)
 Metaspace       used 47780K, capacity 49033K, committed 49152K, reserved 1091584K
  class space    used 6128K, capacity 6618K, committed 6656K, reserved 1048576K
}
Event: 149.898 GC heap before
{Heap before GC invocations=70 (full 0):
 garbage-first heap   total 199680K, used 169371K [0x0000000080000000, 0x0000000100000000)
  region size 1024K, 110 young (112640K), 8 survivors (8192K)
 Metaspace       used 47786K, capacity 49033K, committed 49152K, reserved 1091584K
  class space    used 6128K, capacity 6618K, committed 6656K, reserved 1048576K
}
Event: 149.921 GC heap after
{Heap after GC invocations=71 (full 0):
 garbage-first heap   total 199680K, used 66004K [0x0000000080000000, 0x0000000100000000)
  region size 1024K, 9 young (9216K), 9 survivors (9216K)
 Metaspace       used 47786K, capacity 49033K, committed 49152K, reserved 1091584K
  class space    used 6128K, capacity 6618K, committed 6656K, reserved 1048576K
}
Event: 152.606 GC heap before
{Heap before GC invocations=71 (full 0):
 garbage-first heap   total 199680K, used 168404K [0x0000000080000000, 0x0000000100000000)
  region size 1024K, 109 young (111616K), 9 survivors (9216K)
 Metaspace       used 47788K, capacity 49033K, committed 49152K, reserved 1091584K
  class space    used 6128K, capacity 6618K, committed 6656K, reserved 1048576K
}
Event: 152.684 GC heap after
{Heap after GC invocations=72 (full 0):
 garbage-first heap   total 199680K, used 66912K [0x0000000080000000, 0x0000000100000000)
  region size 1024K, 7 young (7168K), 7 survivors (7168K)
 Metaspace       used 47788K, capacity 49033K, committed 49152K, reserved 1091584K
  class space    used 6128K, capacity 6618K, committed 6656K, reserved 1048576K
}

