# JRE version: OpenJDK Runtime Environment (11.0.10) (build 11.0.10+0-b96-7249189)
# Java VM: OpenJDK 64-Bit Server VM (11.0.10+0-b96-7249189, mixed mode, tiered, compressed oops, g1 gc, windows-amd64)
Heap:
 garbage-first heap   total 168960K, used 74800K [0x0000000080000000, 0x0000000100000000)
  region size 1024K, 23 young (23552K), 3 survivors (3072K)
 Metaspace       used 45562K, capacity 46689K, committed 46848K, reserved 1089536K
  class space    used 5898K, capacity 6330K, committed 6400K, reserved 1048576K
GC Heap History (20 events):
Event: 67.921 GC heap before
{Heap before GC invocations=67 (full 0):
 garbage-first heap   total 140288K, used 97094K [0x0000000080000000, 0x0000000100000000)
  region size 1024K, 45 young (46080K), 3 survivors (3072K)
 Metaspace       used 42484K, capacity 43604K, committed 43776K, reserved 1087488K
  class space    used 5422K, capacity 5854K, committed 5888K, reserved 1048576K
}
Event: 67.938 GC heap after
{Heap after GC invocations=68 (full 0):
 garbage-first heap   total 140288K, used 54486K [0x0000000080000000, 0x0000000100000000)
  region size 1024K, 4 young (4096K), 4 survivors (4096K)
 Metaspace       used 42484K, capacity 43604K, committed 43776K, reserved 1087488K
  class space    used 5422K, capacity 5854K, committed 5888K, reserved 1048576K
}
Event: 69.727 GC heap before
{Heap before GC invocations=68 (full 0):
 garbage-first heap   total 140288K, used 102614K [0x0000000080000000, 0x0000000100000000)
  region size 1024K, 51 young (52224K), 4 survivors (4096K)
 Metaspace       used 42484K, capacity 43604K, committed 43776K, reserved 1087488K
  class space    used 5422K, capacity 5854K, committed 5888K, reserved 1048576K
}
Event: 69.748 GC heap after
{Heap after GC invocations=69 (full 0):
 garbage-first heap   total 140288K, used 54836K [0x0000000080000000, 0x0000000100000000)
  region size 1024K, 4 young (4096K), 4 survivors (4096K)
 Metaspace       used 42484K, capacity 43604K, committed 43776K, reserved 1087488K
  class space    used 5422K, capacity 5854K, committed 5888K, reserved 1048576K
}
Event: 72.026 GC heap before
{Heap before GC invocations=69 (full 0):
 garbage-first heap   total 140288K, used 114228K [0x0000000080000000, 0x0000000100000000)
  region size 1024K, 62 young (63488K), 4 survivors (4096K)
 Metaspace       used 42489K, capacity 43604K, committed 43776K, reserved 1087488K
  class space    used 5423K, capacity 5854K, committed 5888K, reserved 1048576K
}
Event: 72.043 GC heap after
{Heap after GC invocations=70 (full 0):
 garbage-first heap   total 140288K, used 55435K [0x0000000080000000, 0x0000000100000000)
  region size 1024K, 5 young (5120K), 5 survivors (5120K)
 Metaspace       used 42489K, capacity 43604K, committed 43776K, reserved 1087488K
  class space    used 5423K, capacity 5854K, committed 5888K, reserved 1048576K
}
Event: 73.259 GC heap before
{Heap before GC invocations=70 (full 0):
 garbage-first heap   total 140288K, used 114827K [0x0000000080000000, 0x0000000100000000)
  region size 1024K, 63 young (64512K), 5 survivors (5120K)
 Metaspace       used 42490K, capacity 43604K, committed 43776K, reserved 1087488K
  class space    used 5423K, capacity 5854K, committed 5888K, reserved 1048576K
}
Event: 73.277 GC heap after
{Heap after GC invocations=71 (full 0):
 garbage-first heap   total 168960K, used 55842K [0x0000000080000000, 0x0000000100000000)
  region size 1024K, 5 young (5120K), 5 survivors (5120K)
 Metaspace       used 42490K, capacity 43604K, committed 43776K, reserved 1087488K
  class space    used 5423K, capacity 5854K, committed 5888K, reserved 1048576K
}
Event: 74.535 GC heap before
{Heap before GC invocations=71 (full 0):
 garbage-first heap   total 168960K, used 128546K [0x0000000080000000, 0x0000000100000000)
  region size 1024K, 76 young (77824K), 5 survivors (5120K)
 Metaspace       used 42491K, capacity 43604K, committed 43776K, reserved 1087488K
  class space    used 5423K, capacity 5854K, committed 5888K, reserved 1048576K
}
Event: 74.550 GC heap after
{Heap after GC invocations=72 (full 0):
 garbage-first heap   total 168960K, used 56263K [0x0000000080000000, 0x0000000100000000)
  region size 1024K, 5 young (5120K), 5 survivors (5120K)
 Metaspace       used 42491K, capacity 43604K, committed 43776K, reserved 1087488K
  class space    used 5423K, capacity 5854K, committed 5888K, reserved 1048576K
}
Event: 77.169 GC heap before
{Heap before GC invocations=72 (full 0):
 garbage-first heap   total 168960K, used 134087K [0x0000000080000000, 0x0000000100000000)
  region size 1024K, 81 young (82944K), 5 survivors (5120K)
 Metaspace       used 42492K, capacity 43604K, committed 43776K, reserved 1087488K
  class space    used 5423K, capacity 5854K, committed 5888K, reserved 1048576K
}
Event: 77.182 GC heap after
{Heap after GC invocations=73 (full 0):
 garbage-first heap   total 168960K, used 57380K [0x0000000080000000, 0x0000000100000000)
  region size 1024K, 6 young (6144K), 6 survivors (6144K)
 Metaspace       used 42492K, capacity 43604K, committed 43776K, reserved 1087488K
  class space    used 5423K, capacity 5854K, committed 5888K, reserved 1048576K
}
Event: 82.138 GC heap before
{Heap before GC invocations=73 (full 0):
 garbage-first heap   total 168960K, used 137252K [0x0000000080000000, 0x0000000100000000)
  region size 1024K, 84 young (86016K), 6 survivors (6144K)
 Metaspace       used 42492K, capacity 43604K, committed 43776K, reserved 1087488K
  class space    used 5423K, capacity 5854K, committed 5888K, reserved 1048576K
}
Event: 82.168 GC heap after
{Heap after GC invocations=74 (full 0):
 garbage-first heap   total 168960K, used 57887K [0x0000000080000000, 0x0000000100000000)
  region size 1024K, 7 young (7168K), 7 survivors (7168K)
 Metaspace       used 42492K, capacity 43604K, committed 43776K, reserved 1087488K
  class space    used 5423K, capacity 5854K, committed 5888K, reserved 1048576K
}
Event: 106.541 GC heap before
{Heap before GC invocations=74 (full 0):
 garbage-first heap   total 168960K, used 140831K [0x0000000080000000, 0x0000000100000000)
  region size 1024K, 86 young (88064K), 7 survivors (7168K)
 Metaspace       used 42958K, capacity 44086K, committed 44416K, reserved 1087488K
  class space    used 5484K, capacity 5910K, committed 6016K, reserved 1048576K
}
Event: 106.557 GC heap after
{Heap after GC invocations=75 (full 0):
 garbage-first heap   total 168960K, used 54615K [0x0000000080000000, 0x0000000100000000)
  region size 1024K, 3 young (3072K), 3 survivors (3072K)
 Metaspace       used 42958K, capacity 44086K, committed 44416K, reserved 1087488K
  class space    used 5484K, capacity 5910K, committed 6016K, reserved 1048576K
}
Event: 108.573 GC heap before
{Heap before GC invocations=75 (full 0):
 garbage-first heap   total 168960K, used 65879K [0x0000000080000000, 0x0000000100000000)
  region size 1024K, 15 young (15360K), 3 survivors (3072K)
 Metaspace       used 44944K, capacity 46040K, committed 46208K, reserved 1089536K
  class space    used 5855K, capacity 6263K, committed 6272K, reserved 1048576K
}
Event: 108.591 GC heap after
{Heap after GC invocations=76 (full 0):
 garbage-first heap   total 168960K, used 55114K [0x0000000080000000, 0x0000000100000000)
  region size 1024K, 4 young (4096K), 4 survivors (4096K)
 Metaspace       used 44944K, capacity 46040K, committed 46208K, reserved 1089536K
  class space    used 5855K, capacity 6263K, committed 6272K, reserved 1048576K
}
Event: 109.968 GC heap before
{Heap before GC invocations=77 (full 0):
 garbage-first heap   total 168960K, used 77642K [0x0000000080000000, 0x0000000100000000)
  region size 1024K, 26 young (26624K), 4 survivors (4096K)
 Metaspace       used 45517K, capacity 46689K, committed 46848K, reserved 1089536K
  class space    used 5898K, capacity 6330K, committed 6400K, reserved 1048576K
}
Event: 109.987 GC heap after
{Heap after GC invocations=78 (full 0):
 garbage-first heap   total 168960K, used 55344K [0x0000000080000000, 0x0000000100000000)
  region size 1024K, 3 young (3072K), 3 survivors (3072K)
 Metaspace       used 45517K, capacity 46689K, committed 46848K, reserved 1089536K
  class space    used 5898K, capacity 6330K, committed 6400K, reserved 1048576K
}

