# JRE version: OpenJDK Runtime Environment (11.0.10) (build 11.0.10+0-b96-7249189)
# Java VM: OpenJDK 64-Bit Server VM (11.0.10+0-b96-7249189, mixed mode, tiered, compressed oops, g1 gc, windows-amd64)
Heap:
 garbage-first heap   total 95232K, used 56677K [0x0000000080000000, 0x0000000100000000)
  region size 1024K, 10 young (10240K), 2 survivors (2048K)
 Metaspace       used 63156K, capacity 64643K, committed 64896K, reserved 1105920K
  class space    used 8009K, capacity 8559K, committed 8576K, reserved 1048576K
GC Heap History (20 events):
Event: 35.817 GC heap before
{Heap before GC invocations=11 (full 0):
 garbage-first heap   total 78848K, used 29299K [0x0000000080000000, 0x0000000100000000)
  region size 1024K, 14 young (14336K), 5 survivors (5120K)
 Metaspace       used 35014K, capacity 35826K, committed 35840K, reserved 1081344K
  class space    used 4537K, capacity 4864K, committed 4864K, reserved 1048576K
}
Event: 35.859 GC heap after
{Heap after GC invocations=12 (full 0):
 garbage-first heap   total 78848K, used 23165K [0x0000000080000000, 0x0000000100000000)
  region size 1024K, 5 young (5120K), 5 survivors (5120K)
 Metaspace       used 35014K, capacity 35826K, committed 35840K, reserved 1081344K
  class space    used 4537K, capacity 4864K, committed 4864K, reserved 1048576K
}
Event: 38.759 GC heap before
{Heap before GC invocations=13 (full 0):
 garbage-first heap   total 78848K, used 55933K [0x0000000080000000, 0x0000000100000000)
  region size 1024K, 37 young (37888K), 5 survivors (5120K)
 Metaspace       used 37254K, capacity 38103K, committed 38272K, reserved 1083392K
  class space    used 4809K, capacity 5127K, committed 5248K, reserved 1048576K
}
Event: 38.804 GC heap after
{Heap after GC invocations=14 (full 0):
 garbage-first heap   total 78848K, used 25425K [0x0000000080000000, 0x0000000100000000)
  region size 1024K, 5 young (5120K), 5 survivors (5120K)
 Metaspace       used 37254K, capacity 38103K, committed 38272K, reserved 1083392K
  class space    used 4809K, capacity 5127K, committed 5248K, reserved 1048576K
}
Event: 41.967 GC heap before
{Heap before GC invocations=14 (full 0):
 garbage-first heap   total 78848K, used 59217K [0x0000000080000000, 0x0000000100000000)
  region size 1024K, 36 young (36864K), 5 survivors (5120K)
 Metaspace       used 39738K, capacity 40654K, committed 40832K, reserved 1085440K
  class space    used 5076K, capacity 5422K, committed 5504K, reserved 1048576K
}
Event: 42.001 GC heap after
{Heap after GC invocations=15 (full 0):
 garbage-first heap   total 95232K, used 27107K [0x0000000080000000, 0x0000000100000000)
  region size 1024K, 3 young (3072K), 3 survivors (3072K)
 Metaspace       used 39738K, capacity 40654K, committed 40832K, reserved 1085440K
  class space    used 5076K, capacity 5422K, committed 5504K, reserved 1048576K
}
Event: 44.589 GC heap before
{Heap before GC invocations=15 (full 0):
 garbage-first heap   total 95232K, used 69091K [0x0000000080000000, 0x0000000100000000)
  region size 1024K, 44 young (45056K), 3 survivors (3072K)
 Metaspace       used 43791K, capacity 44829K, committed 44928K, reserved 1087488K
  class space    used 5592K, capacity 5935K, committed 6016K, reserved 1048576K
}
Event: 44.605 GC heap after
{Heap after GC invocations=16 (full 0):
 garbage-first heap   total 95232K, used 28240K [0x0000000080000000, 0x0000000100000000)
  region size 1024K, 4 young (4096K), 4 survivors (4096K)
 Metaspace       used 43791K, capacity 44829K, committed 44928K, reserved 1087488K
  class space    used 5592K, capacity 5935K, committed 6016K, reserved 1048576K
}
Event: 53.976 GC heap before
{Heap before GC invocations=16 (full 0):
 garbage-first heap   total 95232K, used 72272K [0x0000000080000000, 0x0000000100000000)
  region size 1024K, 47 young (48128K), 4 survivors (4096K)
 Metaspace       used 46751K, capacity 47949K, committed 48256K, reserved 1091584K
  class space    used 5977K, capacity 6418K, committed 6528K, reserved 1048576K
}
Event: 54.017 GC heap after
{Heap after GC invocations=17 (full 0):
 garbage-first heap   total 95232K, used 30173K [0x0000000080000000, 0x0000000100000000)
  region size 1024K, 4 young (4096K), 4 survivors (4096K)
 Metaspace       used 46751K, capacity 47949K, committed 48256K, reserved 1091584K
  class space    used 5977K, capacity 6418K, committed 6528K, reserved 1048576K
}
Event: 67.848 GC heap before
{Heap before GC invocations=17 (full 0):
 garbage-first heap   total 95232K, used 76253K [0x0000000080000000, 0x0000000100000000)
  region size 1024K, 46 young (47104K), 4 survivors (4096K)
 Metaspace       used 49766K, capacity 51056K, committed 51200K, reserved 1093632K
  class space    used 6333K, capacity 6799K, committed 6912K, reserved 1048576K
}
Event: 67.898 GC heap after
{Heap after GC invocations=18 (full 0):
 garbage-first heap   total 95232K, used 41307K [0x0000000080000000, 0x0000000100000000)
  region size 1024K, 6 young (6144K), 6 survivors (6144K)
 Metaspace       used 49766K, capacity 51056K, committed 51200K, reserved 1093632K
  class space    used 6333K, capacity 6799K, committed 6912K, reserved 1048576K
}
Event: 72.181 GC heap before
{Heap before GC invocations=18 (full 0):
 garbage-first heap   total 95232K, used 73051K [0x0000000080000000, 0x0000000100000000)
  region size 1024K, 37 young (37888K), 6 survivors (6144K)
 Metaspace       used 54417K, capacity 55823K, committed 56064K, reserved 1097728K
  class space    used 6902K, capacity 7405K, committed 7424K, reserved 1048576K
}
Event: 72.212 GC heap after
{Heap after GC invocations=19 (full 0):
 garbage-first heap   total 95232K, used 43134K [0x0000000080000000, 0x0000000100000000)
  region size 1024K, 2 young (2048K), 2 survivors (2048K)
 Metaspace       used 54417K, capacity 55823K, committed 56064K, reserved 1097728K
  class space    used 6902K, capacity 7405K, committed 7424K, reserved 1048576K
}
Event: 76.346 GC heap before
{Heap before GC invocations=19 (full 0):
 garbage-first heap   total 95232K, used 67710K [0x0000000080000000, 0x0000000100000000)
  region size 1024K, 27 young (27648K), 2 survivors (2048K)
 Metaspace       used 58522K, capacity 60026K, committed 60160K, reserved 1101824K
  class space    used 7412K, capacity 7972K, committed 8064K, reserved 1048576K
}
Event: 76.381 GC heap after
{Heap after GC invocations=20 (full 0):
 garbage-first heap   total 95232K, used 44439K [0x0000000080000000, 0x0000000100000000)
  region size 1024K, 3 young (3072K), 3 survivors (3072K)
 Metaspace       used 58522K, capacity 60026K, committed 60160K, reserved 1101824K
  class space    used 7412K, capacity 7972K, committed 8064K, reserved 1048576K
}
Event: 79.213 GC heap before
{Heap before GC invocations=21 (full 0):
 garbage-first heap   total 95232K, used 74135K [0x0000000080000000, 0x0000000100000000)
  region size 1024K, 33 young (33792K), 3 survivors (3072K)
 Metaspace       used 61268K, capacity 62754K, committed 62848K, reserved 1103872K
  class space    used 7746K, capacity 8255K, committed 8320K, reserved 1048576K
}
Event: 79.241 GC heap after
{Heap after GC invocations=22 (full 0):
 garbage-first heap   total 95232K, used 47346K [0x0000000080000000, 0x0000000100000000)
  region size 1024K, 5 young (5120K), 5 survivors (5120K)
 Metaspace       used 61268K, capacity 62754K, committed 62848K, reserved 1103872K
  class space    used 7746K, capacity 8255K, committed 8320K, reserved 1048576K
}
Event: 80.095 GC heap before
{Heap before GC invocations=23 (full 0):
 garbage-first heap   total 95232K, used 59634K [0x0000000080000000, 0x0000000100000000)
  region size 1024K, 18 young (18432K), 5 survivors (5120K)
 Metaspace       used 62474K, capacity 63942K, committed 64128K, reserved 1105920K
  class space    used 7911K, capacity 8458K, committed 8576K, reserved 1048576K
}
Event: 80.116 GC heap after
{Heap after GC invocations=24 (full 0):
 garbage-first heap   total 95232K, used 48485K [0x0000000080000000, 0x0000000100000000)
  region size 1024K, 2 young (2048K), 2 survivors (2048K)
 Metaspace       used 62474K, capacity 63942K, committed 64128K, reserved 1105920K
  class space    used 7911K, capacity 8458K, committed 8576K, reserved 1048576K
}

