# JRE version: OpenJDK Runtime Environment (11.0.10) (build 11.0.10+0-b96-7249189)
# Java VM: OpenJDK 64-Bit Server VM (11.0.10+0-b96-7249189, mixed mode, tiered, compressed oops, g1 gc, windows-amd64)
Heap:
 garbage-first heap   total 95232K, used 43251K [0x0000000080000000, 0x0000000100000000)
  region size 1024K, 1 young (1024K), 1 survivors (1024K)
 Metaspace       used 51283K, capacity 52594K, committed 52732K, reserved 1095680K
  class space    used 6518K, capacity 6966K, committed 7040K, reserved 1048576K
GC Heap History (20 events):
Event: 19.388 GC heap after
{Heap after GC invocations=11 (full 0):
 garbage-first heap   total 65536K, used 19327K [0x0000000080000000, 0x0000000100000000)
  region size 1024K, 3 young (3072K), 3 survivors (3072K)
 Metaspace       used 27634K, capacity 28359K, committed 28464K, reserved 1073152K
  class space    used 3653K, capacity 3926K, committed 3968K, reserved 1048576K
}
Event: 20.294 GC heap before
{Heap before GC invocations=11 (full 0):
 garbage-first heap   total 65536K, used 43903K [0x0000000080000000, 0x0000000100000000)
  region size 1024K, 28 young (28672K), 3 survivors (3072K)
 Metaspace       used 30639K, capacity 31355K, committed 31408K, reserved 1077248K
  class space    used 4104K, capacity 4352K, committed 4352K, reserved 1048576K
}
Event: 20.312 GC heap after
{Heap after GC invocations=12 (full 0):
 garbage-first heap   total 65536K, used 20584K [0x0000000080000000, 0x0000000100000000)
  region size 1024K, 4 young (4096K), 4 survivors (4096K)
 Metaspace       used 30639K, capacity 31355K, committed 31408K, reserved 1077248K
  class space    used 4104K, capacity 4352K, committed 4352K, reserved 1048576K
}
Event: 21.582 GC heap before
{Heap before GC invocations=12 (full 0):
 garbage-first heap   total 65536K, used 31848K [0x0000000080000000, 0x0000000100000000)
  region size 1024K, 16 young (16384K), 4 survivors (4096K)
 Metaspace       used 34804K, capacity 35602K, committed 35708K, reserved 1081344K
  class space    used 4530K, capacity 4832K, committed 4864K, reserved 1048576K
}
Event: 21.601 GC heap after
{Heap after GC invocations=13 (full 0):
 garbage-first heap   total 65536K, used 22383K [0x0000000080000000, 0x0000000100000000)
  region size 1024K, 4 young (4096K), 4 survivors (4096K)
 Metaspace       used 34804K, capacity 35602K, committed 35708K, reserved 1081344K
  class space    used 4530K, capacity 4832K, committed 4864K, reserved 1048576K
}
Event: 22.411 GC heap before
{Heap before GC invocations=14 (full 0):
 garbage-first heap   total 65536K, used 46959K [0x0000000080000000, 0x0000000100000000)
  region size 1024K, 29 young (29696K), 4 survivors (4096K)
 Metaspace       used 36320K, capacity 37088K, committed 37372K, reserved 1081344K
  class space    used 4675K, capacity 4961K, committed 4992K, reserved 1048576K
}
Event: 22.428 GC heap after
{Heap after GC invocations=15 (full 0):
 garbage-first heap   total 65536K, used 25043K [0x0000000080000000, 0x0000000100000000)
  region size 1024K, 4 young (4096K), 4 survivors (4096K)
 Metaspace       used 36320K, capacity 37088K, committed 37372K, reserved 1081344K
  class space    used 4675K, capacity 4961K, committed 4992K, reserved 1048576K
}
Event: 24.487 GC heap before
{Heap before GC invocations=15 (full 0):
 garbage-first heap   total 65536K, used 51667K [0x0000000080000000, 0x0000000100000000)
  region size 1024K, 28 young (28672K), 4 survivors (4096K)
 Metaspace       used 38770K, capacity 39630K, committed 39804K, reserved 1083392K
  class space    used 4934K, capacity 5251K, committed 5376K, reserved 1048576K
}
Event: 24.530 GC heap after
{Heap after GC invocations=16 (full 0):
 garbage-first heap   total 65536K, used 26883K [0x0000000080000000, 0x0000000100000000)
  region size 1024K, 4 young (4096K), 4 survivors (4096K)
 Metaspace       used 38770K, capacity 39630K, committed 39804K, reserved 1083392K
  class space    used 4934K, capacity 5251K, committed 5376K, reserved 1048576K
}
Event: 27.118 GC heap before
{Heap before GC invocations=16 (full 0):
 garbage-first heap   total 65536K, used 50435K [0x0000000080000000, 0x0000000100000000)
  region size 1024K, 27 young (27648K), 4 survivors (4096K)
 Metaspace       used 40485K, capacity 41446K, committed 41596K, reserved 1085440K
  class space    used 5201K, capacity 5531K, committed 5632K, reserved 1048576K
}
Event: 27.150 GC heap after
{Heap after GC invocations=17 (full 0):
 garbage-first heap   total 65536K, used 28255K [0x0000000080000000, 0x0000000100000000)
  region size 1024K, 4 young (4096K), 4 survivors (4096K)
 Metaspace       used 40485K, capacity 41446K, committed 41596K, reserved 1085440K
  class space    used 5201K, capacity 5531K, committed 5632K, reserved 1048576K
}
Event: 28.494 GC heap before
{Heap before GC invocations=17 (full 0):
 garbage-first heap   total 65536K, used 50783K [0x0000000080000000, 0x0000000100000000)
  region size 1024K, 26 young (26624K), 4 survivors (4096K)
 Metaspace       used 43085K, capacity 44148K, committed 44412K, reserved 1087488K
  class space    used 5490K, capacity 5855K, committed 5888K, reserved 1048576K
}
Event: 28.516 GC heap after
{Heap after GC invocations=18 (full 0):
 garbage-first heap   total 78848K, used 28841K [0x0000000080000000, 0x0000000100000000)
  region size 1024K, 2 young (2048K), 2 survivors (2048K)
 Metaspace       used 43085K, capacity 44148K, committed 44412K, reserved 1087488K
  class space    used 5490K, capacity 5855K, committed 5888K, reserved 1048576K
}
Event: 32.531 GC heap before
{Heap before GC invocations=18 (full 0):
 garbage-first heap   total 78848K, used 58537K [0x0000000080000000, 0x0000000100000000)
  region size 1024K, 31 young (31744K), 2 survivors (2048K)
 Metaspace       used 45260K, capacity 46398K, committed 46588K, reserved 1089536K
  class space    used 5809K, capacity 6224K, committed 6272K, reserved 1048576K
}
Event: 32.553 GC heap after
{Heap after GC invocations=19 (full 0):
 garbage-first heap   total 78848K, used 29819K [0x0000000080000000, 0x0000000100000000)
  region size 1024K, 3 young (3072K), 3 survivors (3072K)
 Metaspace       used 45260K, capacity 46398K, committed 46588K, reserved 1089536K
  class space    used 5809K, capacity 6224K, committed 6272K, reserved 1048576K
}
Event: 40.398 GC heap before
{Heap before GC invocations=19 (full 0):
 garbage-first heap   total 78848K, used 59515K [0x0000000080000000, 0x0000000100000000)
  region size 1024K, 32 young (32768K), 3 survivors (3072K)
 Metaspace       used 46909K, capacity 48145K, committed 48380K, reserved 1091584K
  class space    used 5991K, capacity 6417K, committed 6528K, reserved 1048576K
}
Event: 40.431 GC heap after
{Heap after GC invocations=20 (full 0):
 garbage-first heap   total 78848K, used 31360K [0x0000000080000000, 0x0000000100000000)
  region size 1024K, 4 young (4096K), 4 survivors (4096K)
 Metaspace       used 46909K, capacity 48145K, committed 48380K, reserved 1091584K
  class space    used 5991K, capacity 6417K, committed 6528K, reserved 1048576K
}
Event: 55.705 GC heap before
{Heap before GC invocations=20 (full 0):
 garbage-first heap   total 78848K, used 64128K [0x0000000080000000, 0x0000000100000000)
  region size 1024K, 33 young (33792K), 4 survivors (4096K)
 Metaspace       used 48492K, capacity 49780K, committed 50044K, reserved 1093632K
  class space    used 6187K, capacity 6627K, committed 6656K, reserved 1048576K
}
Event: 55.748 GC heap after
{Heap after GC invocations=21 (full 0):
 garbage-first heap   total 78848K, used 42076K [0x0000000080000000, 0x0000000100000000)
  region size 1024K, 5 young (5120K), 5 survivors (5120K)
 Metaspace       used 48492K, capacity 49780K, committed 50044K, reserved 1093632K
  class space    used 6187K, capacity 6627K, committed 6656K, reserved 1048576K
}
Event: 60.960 GC heap before
{Heap before GC invocations=21 (full 0):
 garbage-first heap   total 78848K, used 62556K [0x0000000080000000, 0x0000000100000000)
  region size 1024K, 25 young (25600K), 5 survivors (5120K)
 Metaspace       used 51283K, capacity 52594K, committed 52732K, reserved 1095680K
  class space    used 6518K, capacity 6966K, committed 7040K, reserved 1048576K
}

